# JRE version: Java(TM) SE Runtime Environment (8.0_101-b13) (build 1.8.0_101-b13)
# Java VM: Java HotSpot(TM) 64-Bit Server VM (25.101-b13 mixed mode linux-amd64 compressed oops)
Heap:
 PSYoungGen      total 5922816K, used 0K [0x0000000580000000, 0x0000000800000000, 0x0000000800000000)
  eden space 3495936K, 0% used [0x0000000580000000,0x0000000580000000,0x0000000655600000)
  from space 2426880K, 0% used [0x000000076be00000,0x000000076be00000,0x0000000800000000)
  to   space 3494912K, 0% used [0x0000000655600000,0x0000000655600000,0x000000072ab00000)
 ParOldGen       total 13133824K, used 7537996K [0x0000000080000000, 0x00000003a1a00000, 0x0000000580000000)
  object space 13133824K, 57% used [0x0000000080000000,0x000000024c153298,0x00000003a1a00000)
 Metaspace       used 50899K, capacity 51498K, committed 51584K, reserved 1093632K
  class space    used 6881K, capacity 7036K, committed 7040K, reserved 1048576K
GC Heap History (10 events):
Event: 1139.578 GC heap after
Heap after GC invocations=123 (full 13):
 PSYoungGen      total 7627264K, used 833952K [0x0000000580000000, 0x00000007dea80000, 0x0000000800000000)
  eden space 5831168K, 0% used [0x0000000580000000,0x0000000580000000,0x00000006e3e80000)
  from space 1796096K, 46% used [0x00000006e3e80000,0x0000000716ce8010,0x0000000751880000)
  to   space 1744896K, 0% used [0x0000000774280000,0x0000000774280000,0x00000007dea80000)
 ParOldGen       total 16347648K, used 7913884K [0x0000000080000000, 0x0000000465c80000, 0x0000000580000000)
  object space 16347648K, 48% used [0x0000000080000000,0x00000002630670c8,0x0000000465c80000)
 Metaspace       used 50820K, capacity 51486K, committed 51584K, reserved 1093632K
  class space    used 6873K, capacity 7034K, committed 7040K, reserved 1048576K
}
Event: 1276.385 GC heap before
{Heap before GC invocations=124 (full 13):
 PSYoungGen      total 7627264K, used 6665120K [0x0000000580000000, 0x00000007dea80000, 0x0000000800000000)
  eden space 5831168K, 100% used [0x0000000580000000,0x00000006e3e80000,0x00000006e3e80000)
  from space 1796096K, 46% used [0x00000006e3e80000,0x0000000716ce8010,0x0000000751880000)
  to   space 1744896K, 0% used [0x0000000774280000,0x0000000774280000,0x00000007dea80000)
 ParOldGen       total 16347648K, used 7913884K [0x0000000080000000, 0x0000000465c80000, 0x0000000580000000)
  object space 16347648K, 48% used [0x0000000080000000,0x00000002630670c8,0x0000000465c80000)
 Metaspace       used 50834K, capacity 51486K, committed 51584K, reserved 1093632K
  class space    used 6873K, capacity 7034K, committed 7040K, reserved 1048576K
Event: 1276.637 GC heap after
Heap after GC invocations=124 (full 13):
 PSYoungGen      total 7923200K, used 823520K [0x0000000580000000, 0x00000007d3100000, 0x0000000800000000)
  eden space 6368256K, 0% used [0x0000000580000000,0x0000000580000000,0x0000000704b00000)
  from space 1554944K, 52% used [0x0000000774280000,0x00000007a66b8010,0x00000007d3100000)
  to   space 1690624K, 0% used [0x0000000704b00000,0x0000000704b00000,0x000000076be00000)
 ParOldGen       total 16347648K, used 7974164K [0x0000000080000000, 0x0000000465c80000, 0x0000000580000000)
  object space 16347648K, 48% used [0x0000000080000000,0x0000000266b450c8,0x0000000465c80000)
 Metaspace       used 50834K, capacity 51486K, committed 51584K, reserved 1093632K
  class space    used 6873K, capacity 7034K, committed 7040K, reserved 1048576K
}
Event: 1311.559 GC heap before
{Heap before GC invocations=125 (full 13):
 PSYoungGen      total 7923200K, used 6717122K [0x0000000580000000, 0x00000007d3100000, 0x0000000800000000)
  eden space 6368256K, 92% used [0x0000000580000000,0x00000006e7b789b8,0x0000000704b00000)
  from space 1554944K, 52% used [0x0000000774280000,0x00000007a66b8010,0x00000007d3100000)
  to   space 1690624K, 0% used [0x0000000704b00000,0x0000000704b00000,0x000000076be00000)
 ParOldGen       total 16347648K, used 7974164K [0x0000000080000000, 0x0000000465c80000, 0x0000000580000000)
  object space 16347648K, 48% used [0x0000000080000000,0x0000000266b450c8,0x0000000465c80000)
 Metaspace       used 50892K, capacity 51498K, committed 51584K, reserved 1093632K
  class space    used 6881K, capacity 7036K, committed 7040K, reserved 1048576K
Event: 1316.537 GC heap after
Heap after GC invocations=125 (full 13):
 PSYoungGen      total 8058880K, used 1690594K [0x0000000580000000, 0x0000000800000000, 0x0000000800000000)
  eden space 6368256K, 0% used [0x0000000580000000,0x0000000580000000,0x0000000704b00000)
  from space 1690624K, 99% used [0x0000000704b00000,0x000000076bdf8870,0x000000076be00000)
  to   space 2426880K, 0% used [0x000000076be00000,0x000000076be00000,0x0000000800000000)
 ParOldGen       total 16347648K, used 14683695K [0x0000000080000000, 0x0000000465c80000, 0x0000000580000000)
  object space 16347648K, 89% used [0x0000000080000000,0x000000040038bc70,0x0000000465c80000)
 Metaspace       used 50892K, capacity 51498K, committed 51584K, reserved 1093632K
  class space    used 6881K, capacity 7036K, committed 7040K, reserved 1048576K
}
Event: 1316.537 GC heap before
{Heap before GC invocations=126 (full 14):
 PSYoungGen      total 8058880K, used 1690594K [0x0000000580000000, 0x0000000800000000, 0x0000000800000000)
  eden space 6368256K, 0% used [0x0000000580000000,0x0000000580000000,0x0000000704b00000)
  from space 1690624K, 99% used [0x0000000704b00000,0x000000076bdf8870,0x000000076be00000)
  to   space 2426880K, 0% used [0x000000076be00000,0x000000076be00000,0x0000000800000000)
 ParOldGen       total 16347648K, used 14683695K [0x0000000080000000, 0x0000000465c80000, 0x0000000580000000)
  object space 16347648K, 89% used [0x0000000080000000,0x000000040038bc70,0x0000000465c80000)
 Metaspace       used 50892K, capacity 51498K, committed 51584K, reserved 1093632K
  class space    used 6881K, capacity 7036K, committed 7040K, reserved 1048576K
Event: 1317.531 GC heap after
Heap after GC invocations=126 (full 14):
 PSYoungGen      total 8058880K, used 0K [0x0000000580000000, 0x0000000800000000, 0x0000000800000000)
  eden space 6368256K, 0% used [0x0000000580000000,0x0000000580000000,0x0000000704b00000)
  from space 1690624K, 0% used [0x0000000704b00000,0x0000000704b00000,0x000000076be00000)
  to   space 2426880K, 0% used [0x000000076be00000,0x000000076be00000,0x0000000800000000)
 ParOldGen       total 13133824K, used 5566163K [0x0000000080000000, 0x00000003a1a00000, 0x0000000580000000)
  object space 13133824K, 42% used [0x0000000080000000,0x00000001d3bb4ed0,0x00000003a1a00000)
 Metaspace       used 50892K, capacity 51498K, committed 51584K, reserved 1093632K
  class space    used 6881K, capacity 7036K, committed 7040K, reserved 1048576K
}
Event: 1346.036 GC heap before
{Heap before GC invocations=127 (full 14):
 PSYoungGen      total 8058880K, used 6368256K [0x0000000580000000, 0x0000000800000000, 0x0000000800000000)
  eden space 6368256K, 100% used [0x0000000580000000,0x0000000704b00000,0x0000000704b00000)
  from space 1690624K, 0% used [0x0000000704b00000,0x0000000704b00000,0x000000076be00000)
  to   space 2426880K, 0% used [0x000000076be00000,0x000000076be00000,0x0000000800000000)
 ParOldGen       total 13133824K, used 5566163K [0x0000000080000000, 0x00000003a1a00000, 0x0000000580000000)
  object space 13133824K, 42% used [0x0000000080000000,0x00000001d3bb4ed0,0x00000003a1a00000)
 Metaspace       used 50899K, capacity 51498K, committed 51584K, reserved 1093632K
  class space    used 6881K, capacity 7036K, committed 7040K, reserved 1048576K
Event: 1348.063 GC heap after
Heap after GC invocations=127 (full 14):
 PSYoungGen      total 5922816K, used 2262382K [0x0000000580000000, 0x0000000800000000, 0x0000000800000000)
  eden space 3495936K, 0% used [0x0000000580000000,0x0000000580000000,0x0000000655600000)
  from space 2426880K, 93% used [0x000000076be00000,0x00000007f5f5b808,0x0000000800000000)
  to   space 3494912K, 0% used [0x0000000655600000,0x0000000655600000,0x000000072ab00000)
 ParOldGen       total 13133824K, used 12254251K [0x0000000080000000, 0x00000003a1a00000, 0x0000000580000000)
  object space 13133824K, 93% used [0x0000000080000000,0x000000036bf0af38,0x00000003a1a00000)
 Metaspace       used 50899K, capacity 51498K, committed 51584K, reserved 1093632K
  class space    used 6881K, capacity 7036K, committed 7040K, reserved 1048576K
}
Event: 1348.063 GC heap before
{Heap before GC invocations=128 (full 15):
 PSYoungGen      total 5922816K, used 2262382K [0x0000000580000000, 0x0000000800000000, 0x0000000800000000)
  eden space 3495936K, 0% used [0x0000000580000000,0x0000000580000000,0x0000000655600000)
  from space 2426880K, 93% used [0x000000076be00000,0x00000007f5f5b808,0x0000000800000000)
  to   space 3494912K, 0% used [0x0000000655600000,0x0000000655600000,0x000000072ab00000)
 ParOldGen       total 13133824K, used 12254251K [0x0000000080000000, 0x00000003a1a00000, 0x0000000580000000)
  object space 13133824K, 93% used [0x0000000080000000,0x000000036bf0af38,0x00000003a1a00000)
 Metaspace       used 50899K, capacity 51498K, committed 51584K, reserved 1093632K
  class space    used 6881K, capacity 7036K, committed 7040K, reserved 1048576K

